2022-03-12 08:48:40.902  INFO 1232 --- [main] taskBoard.TaskBoardApplication           : Starting TaskBoardApplication using Java 11.0.9 on DESKTOP-SD5UFGQ with PID 1232 (C:\Users\Alexander Kobzarev\IdeaProjects\task-board\target\classes started by Alexander Kobzarev in C:\Users\Alexander Kobzarev\IdeaProjects\task-board)
2022-03-12 08:48:40.914  INFO 1232 --- [main] taskBoard.TaskBoardApplication           : No active profile set, falling back to default profiles: default
2022-03-12 08:48:42.953  INFO 1232 --- [main] .s.d.r.c.RepositoryConfigurationDelegate : Multiple Spring Data modules found, entering strict repository configuration mode!
2022-03-12 08:48:42.955  INFO 1232 --- [main] .s.d.r.c.RepositoryConfigurationDelegate : Bootstrapping Spring Data JDBC repositories in DEFAULT mode.
2022-03-12 08:48:43.010  INFO 1232 --- [main] .RepositoryConfigurationExtensionSupport : Spring Data JDBC - Could not safely identify store assignment for repository candidate interface taskBoard.repository.BoardRepository. If you want this repository to be a JDBC repository, consider annotating your entities with one of these annotations: org.springframework.data.relational.core.mapping.Table.
2022-03-12 08:48:43.014  INFO 1232 --- [main] .RepositoryConfigurationExtensionSupport : Spring Data JDBC - Could not safely identify store assignment for repository candidate interface taskBoard.repository.EmployeeRepository. If you want this repository to be a JDBC repository, consider annotating your entities with one of these annotations: org.springframework.data.relational.core.mapping.Table.
2022-03-12 08:48:43.017  INFO 1232 --- [main] .RepositoryConfigurationExtensionSupport : Spring Data JDBC - Could not safely identify store assignment for repository candidate interface taskBoard.repository.ProjectRepository. If you want this repository to be a JDBC repository, consider annotating your entities with one of these annotations: org.springframework.data.relational.core.mapping.Table.
2022-03-12 08:48:43.020  INFO 1232 --- [main] .RepositoryConfigurationExtensionSupport : Spring Data JDBC - Could not safely identify store assignment for repository candidate interface taskBoard.repository.TaskRepository. If you want this repository to be a JDBC repository, consider annotating your entities with one of these annotations: org.springframework.data.relational.core.mapping.Table.
2022-03-12 08:48:43.023  INFO 1232 --- [main] .RepositoryConfigurationExtensionSupport : Spring Data JDBC - Could not safely identify store assignment for repository candidate interface taskBoard.repository.VersionReleaseRepository. If you want this repository to be a JDBC repository, consider annotating your entities with one of these annotations: org.springframework.data.relational.core.mapping.Table.
2022-03-12 08:48:43.024  INFO 1232 --- [main] .s.d.r.c.RepositoryConfigurationDelegate : Finished Spring Data repository scanning in 62 ms. Found 0 JDBC repository interfaces.
2022-03-12 08:48:43.036  INFO 1232 --- [main] .s.d.r.c.RepositoryConfigurationDelegate : Multiple Spring Data modules found, entering strict repository configuration mode!
2022-03-12 08:48:43.037  INFO 1232 --- [main] .s.d.r.c.RepositoryConfigurationDelegate : Bootstrapping Spring Data JPA repositories in DEFAULT mode.
2022-03-12 08:48:43.100  INFO 1232 --- [main] .s.d.r.c.RepositoryConfigurationDelegate : Finished Spring Data repository scanning in 55 ms. Found 5 JPA repository interfaces.
2022-03-12 08:48:44.037  INFO 1232 --- [main] o.s.b.w.embedded.tomcat.TomcatWebServer  : Tomcat initialized with port(s): 8080 (http)
2022-03-12 08:48:44.053  INFO 1232 --- [main] o.apache.catalina.core.StandardService   : Starting service [Tomcat]
2022-03-12 08:48:44.054  INFO 1232 --- [main] org.apache.catalina.core.StandardEngine  : Starting Servlet engine: [Apache Tomcat/9.0.50]
2022-03-12 08:48:44.233  INFO 1232 --- [main] o.a.c.c.C.[Tomcat].[localhost].[/]       : Initializing Spring embedded WebApplicationContext
2022-03-12 08:48:44.234  INFO 1232 --- [main] w.s.c.ServletWebServerApplicationContext : Root WebApplicationContext: initialization completed in 3227 ms
2022-03-12 08:48:44.644  INFO 1232 --- [main] com.zaxxer.hikari.HikariDataSource       : HikariPool-1 - Starting...
2022-03-12 08:48:44.921  INFO 1232 --- [main] com.zaxxer.hikari.HikariDataSource       : HikariPool-1 - Start completed.
2022-03-12 08:48:45.127  INFO 1232 --- [main] liquibase.database                       : Set default schema name to public
2022-03-12 08:48:45.250  INFO 1232 --- [main] liquibase.lockservice                    : Successfully acquired change log lock
2022-03-12 08:48:45.267  INFO 1232 --- [main] liquibase.lockservice                    : Successfully released change log lock
2022-03-12 08:48:45.278  WARN 1232 --- [main] ConfigServletWebServerApplicationContext : Exception encountered during context initialization - cancelling refresh attempt: org.springframework.beans.factory.BeanCreationException: Error creating bean with name 'liquibase' defined in class path resource [org/springframework/boot/autoconfigure/liquibase/LiquibaseAutoConfiguration$LiquibaseConfiguration.class]: Invocation of init method failed; nested exception is liquibase.exception.ChangeLogParseException: classpath:/db/changelog/db.changelog-master.yaml does not exist
2022-03-12 08:48:45.278  INFO 1232 --- [main] com.zaxxer.hikari.HikariDataSource       : HikariPool-1 - Shutdown initiated...
2022-03-12 08:48:45.343  INFO 1232 --- [main] com.zaxxer.hikari.HikariDataSource       : HikariPool-1 - Shutdown completed.
2022-03-12 08:48:45.347  INFO 1232 --- [main] o.apache.catalina.core.StandardService   : Stopping service [Tomcat]
2022-03-12 08:48:45.367  INFO 1232 --- [main] ConditionEvaluationReportLoggingListener : 

Error starting ApplicationContext. To display the conditions report re-run your application with 'debug' enabled.
2022-03-12 08:48:45.395 ERROR 1232 --- [main] o.s.b.d.LoggingFailureAnalysisReporter   : 

***************************
APPLICATION FAILED TO START
***************************

Description:

Liquibase failed to start because no changelog could be found at 'classpath:/db/changelog/db.changelog-master.yaml'.

Action:

Make sure a Liquibase changelog is present at the configured path.

2022-03-12 08:49:51.566  INFO 5100 --- [main] taskBoard.TaskBoardApplication           : Starting TaskBoardApplication using Java 11.0.9 on DESKTOP-SD5UFGQ with PID 5100 (C:\Users\Alexander Kobzarev\IdeaProjects\task-board\target\classes started by Alexander Kobzarev in C:\Users\Alexander Kobzarev\IdeaProjects\task-board)
2022-03-12 08:49:51.571  INFO 5100 --- [main] taskBoard.TaskBoardApplication           : No active profile set, falling back to default profiles: default
2022-03-12 08:49:53.242  INFO 5100 --- [main] .s.d.r.c.RepositoryConfigurationDelegate : Multiple Spring Data modules found, entering strict repository configuration mode!
2022-03-12 08:49:53.243  INFO 5100 --- [main] .s.d.r.c.RepositoryConfigurationDelegate : Bootstrapping Spring Data JDBC repositories in DEFAULT mode.
2022-03-12 08:49:53.282  INFO 5100 --- [main] .RepositoryConfigurationExtensionSupport : Spring Data JDBC - Could not safely identify store assignment for repository candidate interface taskBoard.repository.BoardRepository. If you want this repository to be a JDBC repository, consider annotating your entities with one of these annotations: org.springframework.data.relational.core.mapping.Table.
2022-03-12 08:49:53.287  INFO 5100 --- [main] .RepositoryConfigurationExtensionSupport : Spring Data JDBC - Could not safely identify store assignment for repository candidate interface taskBoard.repository.EmployeeRepository. If you want this repository to be a JDBC repository, consider annotating your entities with one of these annotations: org.springframework.data.relational.core.mapping.Table.
2022-03-12 08:49:53.289  INFO 5100 --- [main] .RepositoryConfigurationExtensionSupport : Spring Data JDBC - Could not safely identify store assignment for repository candidate interface taskBoard.repository.ProjectRepository. If you want this repository to be a JDBC repository, consider annotating your entities with one of these annotations: org.springframework.data.relational.core.mapping.Table.
2022-03-12 08:49:53.291  INFO 5100 --- [main] .RepositoryConfigurationExtensionSupport : Spring Data JDBC - Could not safely identify store assignment for repository candidate interface taskBoard.repository.TaskRepository. If you want this repository to be a JDBC repository, consider annotating your entities with one of these annotations: org.springframework.data.relational.core.mapping.Table.
2022-03-12 08:49:53.294  INFO 5100 --- [main] .RepositoryConfigurationExtensionSupport : Spring Data JDBC - Could not safely identify store assignment for repository candidate interface taskBoard.repository.VersionReleaseRepository. If you want this repository to be a JDBC repository, consider annotating your entities with one of these annotations: org.springframework.data.relational.core.mapping.Table.
2022-03-12 08:49:53.295  INFO 5100 --- [main] .s.d.r.c.RepositoryConfigurationDelegate : Finished Spring Data repository scanning in 47 ms. Found 0 JDBC repository interfaces.
2022-03-12 08:49:53.304  INFO 5100 --- [main] .s.d.r.c.RepositoryConfigurationDelegate : Multiple Spring Data modules found, entering strict repository configuration mode!
2022-03-12 08:49:53.305  INFO 5100 --- [main] .s.d.r.c.RepositoryConfigurationDelegate : Bootstrapping Spring Data JPA repositories in DEFAULT mode.
2022-03-12 08:49:53.354  INFO 5100 --- [main] .s.d.r.c.RepositoryConfigurationDelegate : Finished Spring Data repository scanning in 43 ms. Found 5 JPA repository interfaces.
2022-03-12 08:49:53.976  INFO 5100 --- [main] o.s.b.w.embedded.tomcat.TomcatWebServer  : Tomcat initialized with port(s): 8080 (http)
2022-03-12 08:49:53.985  INFO 5100 --- [main] o.apache.catalina.core.StandardService   : Starting service [Tomcat]
2022-03-12 08:49:53.985  INFO 5100 --- [main] org.apache.catalina.core.StandardEngine  : Starting Servlet engine: [Apache Tomcat/9.0.50]
2022-03-12 08:49:54.115  INFO 5100 --- [main] o.a.c.c.C.[Tomcat].[localhost].[/]       : Initializing Spring embedded WebApplicationContext
2022-03-12 08:49:54.116  INFO 5100 --- [main] w.s.c.ServletWebServerApplicationContext : Root WebApplicationContext: initialization completed in 2470 ms
2022-03-12 08:49:54.425  INFO 5100 --- [main] o.hibernate.jpa.internal.util.LogHelper  : HHH000204: Processing PersistenceUnitInfo [name: default]
2022-03-12 08:49:54.518  INFO 5100 --- [main] org.hibernate.Version                    : HHH000412: Hibernate ORM core version 5.4.32.Final
2022-03-12 08:49:54.732  INFO 5100 --- [main] o.hibernate.annotations.common.Version   : HCANN000001: Hibernate Commons Annotations {5.1.2.Final}
2022-03-12 08:49:54.866  INFO 5100 --- [main] com.zaxxer.hikari.HikariDataSource       : HikariPool-1 - Starting...
2022-03-12 08:49:55.076  INFO 5100 --- [main] com.zaxxer.hikari.HikariDataSource       : HikariPool-1 - Start completed.
2022-03-12 08:49:55.103  INFO 5100 --- [main] org.hibernate.dialect.Dialect            : HHH000400: Using dialect: org.hibernate.dialect.PostgreSQL10Dialect
2022-03-12 08:49:55.313  WARN 5100 --- [main] ConfigServletWebServerApplicationContext : Exception encountered during context initialization - cancelling refresh attempt: org.springframework.beans.factory.BeanCreationException: Error creating bean with name 'entityManagerFactory' defined in class path resource [org/springframework/boot/autoconfigure/orm/jpa/HibernateJpaConfiguration.class]: Invocation of init method failed; nested exception is java.lang.NoSuchMethodError: javax.persistence.JoinColumn.foreignKey()Ljavax/persistence/ForeignKey;
2022-03-12 08:49:55.313  INFO 5100 --- [main] com.zaxxer.hikari.HikariDataSource       : HikariPool-1 - Shutdown initiated...
2022-03-12 08:49:55.375  INFO 5100 --- [main] com.zaxxer.hikari.HikariDataSource       : HikariPool-1 - Shutdown completed.
2022-03-12 08:49:55.378  INFO 5100 --- [main] o.apache.catalina.core.StandardService   : Stopping service [Tomcat]
2022-03-12 08:49:55.396  INFO 5100 --- [main] ConditionEvaluationReportLoggingListener : 

Error starting ApplicationContext. To display the conditions report re-run your application with 'debug' enabled.
2022-03-12 08:49:55.413 ERROR 5100 --- [main] o.s.b.d.LoggingFailureAnalysisReporter   : 

***************************
APPLICATION FAILED TO START
***************************

Description:

An attempt was made to call a method that does not exist. The attempt was made from the following location:

    org.hibernate.cfg.AnnotationBinder.bindForeignKeyNameAndDefinition(AnnotationBinder.java:3444)

The following method did not exist:

    javax.persistence.JoinColumn.foreignKey()Ljavax/persistence/ForeignKey;

The method's class, javax.persistence.JoinColumn, is available from the following locations:

    jar:file:/C:/Users/Alexander%20Kobzarev/IdeaProjects/task-board/lib/javax.persistence.jar!/javax/persistence/JoinColumn.class
    jar:file:/C:/Users/Alexander%20Kobzarev/.m2/repository/jakarta/persistence/jakarta.persistence-api/2.2.3/jakarta.persistence-api-2.2.3.jar!/javax/persistence/JoinColumn.class

The class hierarchy was loaded from the following locations:

    javax.persistence.JoinColumn: file:/C:/Users/Alexander%20Kobzarev/IdeaProjects/task-board/lib/javax.persistence.jar


Action:

Correct the classpath of your application so that it contains a single, compatible version of javax.persistence.JoinColumn

2022-03-12 09:04:14.295  INFO 12816 --- [main] taskBoard.TaskBoardApplication           : Starting TaskBoardApplication using Java 11.0.9 on DESKTOP-SD5UFGQ with PID 12816 (C:\Users\Alexander Kobzarev\IdeaProjects\task-board\target\classes started by Alexander Kobzarev in C:\Users\Alexander Kobzarev\IdeaProjects\task-board)
2022-03-12 09:04:14.299  INFO 12816 --- [main] taskBoard.TaskBoardApplication           : No active profile set, falling back to default profiles: default
2022-03-12 09:04:15.981  INFO 12816 --- [main] .s.d.r.c.RepositoryConfigurationDelegate : Multiple Spring Data modules found, entering strict repository configuration mode!
2022-03-12 09:04:15.982  INFO 12816 --- [main] .s.d.r.c.RepositoryConfigurationDelegate : Bootstrapping Spring Data JDBC repositories in DEFAULT mode.
2022-03-12 09:04:16.019  INFO 12816 --- [main] .RepositoryConfigurationExtensionSupport : Spring Data JDBC - Could not safely identify store assignment for repository candidate interface taskBoard.repository.BoardRepository. If you want this repository to be a JDBC repository, consider annotating your entities with one of these annotations: org.springframework.data.relational.core.mapping.Table.
2022-03-12 09:04:16.022  INFO 12816 --- [main] .RepositoryConfigurationExtensionSupport : Spring Data JDBC - Could not safely identify store assignment for repository candidate interface taskBoard.repository.EmployeeRepository. If you want this repository to be a JDBC repository, consider annotating your entities with one of these annotations: org.springframework.data.relational.core.mapping.Table.
2022-03-12 09:04:16.024  INFO 12816 --- [main] .RepositoryConfigurationExtensionSupport : Spring Data JDBC - Could not safely identify store assignment for repository candidate interface taskBoard.repository.ProjectRepository. If you want this repository to be a JDBC repository, consider annotating your entities with one of these annotations: org.springframework.data.relational.core.mapping.Table.
2022-03-12 09:04:16.026  INFO 12816 --- [main] .RepositoryConfigurationExtensionSupport : Spring Data JDBC - Could not safely identify store assignment for repository candidate interface taskBoard.repository.TaskRepository. If you want this repository to be a JDBC repository, consider annotating your entities with one of these annotations: org.springframework.data.relational.core.mapping.Table.
2022-03-12 09:04:16.029  INFO 12816 --- [main] .RepositoryConfigurationExtensionSupport : Spring Data JDBC - Could not safely identify store assignment for repository candidate interface taskBoard.repository.VersionReleaseRepository. If you want this repository to be a JDBC repository, consider annotating your entities with one of these annotations: org.springframework.data.relational.core.mapping.Table.
2022-03-12 09:04:16.031  INFO 12816 --- [main] .s.d.r.c.RepositoryConfigurationDelegate : Finished Spring Data repository scanning in 43 ms. Found 0 JDBC repository interfaces.
2022-03-12 09:04:16.039  INFO 12816 --- [main] .s.d.r.c.RepositoryConfigurationDelegate : Multiple Spring Data modules found, entering strict repository configuration mode!
2022-03-12 09:04:16.039  INFO 12816 --- [main] .s.d.r.c.RepositoryConfigurationDelegate : Bootstrapping Spring Data JPA repositories in DEFAULT mode.
2022-03-12 09:04:16.087  INFO 12816 --- [main] .s.d.r.c.RepositoryConfigurationDelegate : Finished Spring Data repository scanning in 41 ms. Found 5 JPA repository interfaces.
2022-03-12 09:04:16.739  INFO 12816 --- [main] o.s.b.w.embedded.tomcat.TomcatWebServer  : Tomcat initialized with port(s): 8080 (http)
2022-03-12 09:04:16.751  INFO 12816 --- [main] o.apache.catalina.core.StandardService   : Starting service [Tomcat]
2022-03-12 09:04:16.752  INFO 12816 --- [main] org.apache.catalina.core.StandardEngine  : Starting Servlet engine: [Apache Tomcat/9.0.50]
2022-03-12 09:04:16.914  INFO 12816 --- [main] o.a.c.c.C.[Tomcat].[localhost].[/]       : Initializing Spring embedded WebApplicationContext
2022-03-12 09:04:16.915  INFO 12816 --- [main] w.s.c.ServletWebServerApplicationContext : Root WebApplicationContext: initialization completed in 2544 ms
2022-03-12 09:04:17.262  INFO 12816 --- [main] o.hibernate.jpa.internal.util.LogHelper  : HHH000204: Processing PersistenceUnitInfo [name: default]
2022-03-12 09:04:17.314  INFO 12816 --- [main] org.hibernate.Version                    : HHH000412: Hibernate ORM core version 5.4.32.Final
2022-03-12 09:04:17.441  INFO 12816 --- [main] o.hibernate.annotations.common.Version   : HCANN000001: Hibernate Commons Annotations {5.1.2.Final}
2022-03-12 09:04:17.547  INFO 12816 --- [main] com.zaxxer.hikari.HikariDataSource       : HikariPool-1 - Starting...
2022-03-12 09:04:17.771  INFO 12816 --- [main] com.zaxxer.hikari.HikariDataSource       : HikariPool-1 - Start completed.
2022-03-12 09:04:17.790  INFO 12816 --- [main] org.hibernate.dialect.Dialect            : HHH000400: Using dialect: org.hibernate.dialect.PostgreSQL10Dialect
2022-03-12 09:04:18.803 ERROR 12816 --- [main] j.LocalContainerEntityManagerFactoryBean : Failed to initialize JPA EntityManagerFactory: [PersistenceUnit: default] Unable to build Hibernate SessionFactory; nested exception is org.hibernate.tool.schema.spi.SchemaManagementException: Schema-validation: missing sequence [hibernate_sequence]
2022-03-12 09:04:18.805  WARN 12816 --- [main] ConfigServletWebServerApplicationContext : Exception encountered during context initialization - cancelling refresh attempt: org.springframework.beans.factory.BeanCreationException: Error creating bean with name 'entityManagerFactory' defined in class path resource [org/springframework/boot/autoconfigure/orm/jpa/HibernateJpaConfiguration.class]: Invocation of init method failed; nested exception is javax.persistence.PersistenceException: [PersistenceUnit: default] Unable to build Hibernate SessionFactory; nested exception is org.hibernate.tool.schema.spi.SchemaManagementException: Schema-validation: missing sequence [hibernate_sequence]
2022-03-12 09:04:18.805  INFO 12816 --- [main] com.zaxxer.hikari.HikariDataSource       : HikariPool-1 - Shutdown initiated...
2022-03-12 09:04:18.819  INFO 12816 --- [main] com.zaxxer.hikari.HikariDataSource       : HikariPool-1 - Shutdown completed.
2022-03-12 09:04:18.825  INFO 12816 --- [main] o.apache.catalina.core.StandardService   : Stopping service [Tomcat]
2022-03-12 09:04:18.845  INFO 12816 --- [main] ConditionEvaluationReportLoggingListener : 

Error starting ApplicationContext. To display the conditions report re-run your application with 'debug' enabled.
2022-03-12 09:04:18.874 ERROR 12816 --- [main] o.s.boot.SpringApplication               : Application run failed

org.springframework.beans.factory.BeanCreationException: Error creating bean with name 'entityManagerFactory' defined in class path resource [org/springframework/boot/autoconfigure/orm/jpa/HibernateJpaConfiguration.class]: Invocation of init method failed; nested exception is javax.persistence.PersistenceException: [PersistenceUnit: default] Unable to build Hibernate SessionFactory; nested exception is org.hibernate.tool.schema.spi.SchemaManagementException: Schema-validation: missing sequence [hibernate_sequence]
	at org.springframework.beans.factory.support.AbstractAutowireCapableBeanFactory.initializeBean(AbstractAutowireCapableBeanFactory.java:1786) ~[spring-beans-5.3.9.jar:5.3.9]
	at org.springframework.beans.factory.support.AbstractAutowireCapableBeanFactory.doCreateBean(AbstractAutowireCapableBeanFactory.java:602) ~[spring-beans-5.3.9.jar:5.3.9]
	at org.springframework.beans.factory.support.AbstractAutowireCapableBeanFactory.createBean(AbstractAutowireCapableBeanFactory.java:524) ~[spring-beans-5.3.9.jar:5.3.9]
	at org.springframework.beans.factory.support.AbstractBeanFactory.lambda$doGetBean$0(AbstractBeanFactory.java:335) ~[spring-beans-5.3.9.jar:5.3.9]
	at org.springframework.beans.factory.support.DefaultSingletonBeanRegistry.getSingleton(DefaultSingletonBeanRegistry.java:234) ~[spring-beans-5.3.9.jar:5.3.9]
	at org.springframework.beans.factory.support.AbstractBeanFactory.doGetBean(AbstractBeanFactory.java:333) ~[spring-beans-5.3.9.jar:5.3.9]
	at org.springframework.beans.factory.support.AbstractBeanFactory.getBean(AbstractBeanFactory.java:208) ~[spring-beans-5.3.9.jar:5.3.9]
	at org.springframework.context.support.AbstractApplicationContext.getBean(AbstractApplicationContext.java:1154) ~[spring-context-5.3.9.jar:5.3.9]
	at org.springframework.context.support.AbstractApplicationContext.finishBeanFactoryInitialization(AbstractApplicationContext.java:908) ~[spring-context-5.3.9.jar:5.3.9]
	at org.springframework.context.support.AbstractApplicationContext.refresh(AbstractApplicationContext.java:583) ~[spring-context-5.3.9.jar:5.3.9]
	at org.springframework.boot.web.servlet.context.ServletWebServerApplicationContext.refresh(ServletWebServerApplicationContext.java:145) ~[spring-boot-2.5.3.jar:2.5.3]
	at org.springframework.boot.SpringApplication.refresh(SpringApplication.java:754) ~[spring-boot-2.5.3.jar:2.5.3]
	at org.springframework.boot.SpringApplication.refreshContext(SpringApplication.java:434) ~[spring-boot-2.5.3.jar:2.5.3]
	at org.springframework.boot.SpringApplication.run(SpringApplication.java:338) ~[spring-boot-2.5.3.jar:2.5.3]
	at org.springframework.boot.SpringApplication.run(SpringApplication.java:1343) ~[spring-boot-2.5.3.jar:2.5.3]
	at org.springframework.boot.SpringApplication.run(SpringApplication.java:1332) ~[spring-boot-2.5.3.jar:2.5.3]
	at taskBoard.TaskBoardApplication.main(TaskBoardApplication.java:10) ~[classes/:na]
Caused by: javax.persistence.PersistenceException: [PersistenceUnit: default] Unable to build Hibernate SessionFactory; nested exception is org.hibernate.tool.schema.spi.SchemaManagementException: Schema-validation: missing sequence [hibernate_sequence]
	at org.springframework.orm.jpa.AbstractEntityManagerFactoryBean.buildNativeEntityManagerFactory(AbstractEntityManagerFactoryBean.java:421) ~[spring-orm-5.3.9.jar:5.3.9]
	at org.springframework.orm.jpa.AbstractEntityManagerFactoryBean.afterPropertiesSet(AbstractEntityManagerFactoryBean.java:396) ~[spring-orm-5.3.9.jar:5.3.9]
	at org.springframework.orm.jpa.LocalContainerEntityManagerFactoryBean.afterPropertiesSet(LocalContainerEntityManagerFactoryBean.java:341) ~[spring-orm-5.3.9.jar:5.3.9]
	at org.springframework.beans.factory.support.AbstractAutowireCapableBeanFactory.invokeInitMethods(AbstractAutowireCapableBeanFactory.java:1845) ~[spring-beans-5.3.9.jar:5.3.9]
	at org.springframework.beans.factory.support.AbstractAutowireCapableBeanFactory.initializeBean(AbstractAutowireCapableBeanFactory.java:1782) ~[spring-beans-5.3.9.jar:5.3.9]
	... 16 common frames omitted
Caused by: org.hibernate.tool.schema.spi.SchemaManagementException: Schema-validation: missing sequence [hibernate_sequence]
	at org.hibernate.tool.schema.internal.AbstractSchemaValidator.validateSequence(AbstractSchemaValidator.java:184) ~[hibernate-core-5.4.32.Final.jar:5.4.32.Final]
	at org.hibernate.tool.schema.internal.AbstractSchemaValidator.performValidation(AbstractSchemaValidator.java:100) ~[hibernate-core-5.4.32.Final.jar:5.4.32.Final]
	at org.hibernate.tool.schema.internal.AbstractSchemaValidator.doValidation(AbstractSchemaValidator.java:68) ~[hibernate-core-5.4.32.Final.jar:5.4.32.Final]
	at org.hibernate.tool.schema.spi.SchemaManagementToolCoordinator.performDatabaseAction(SchemaManagementToolCoordinator.java:192) ~[hibernate-core-5.4.32.Final.jar:5.4.32.Final]
	at org.hibernate.tool.schema.spi.SchemaManagementToolCoordinator.process(SchemaManagementToolCoordinator.java:73) ~[hibernate-core-5.4.32.Final.jar:5.4.32.Final]
	at org.hibernate.internal.SessionFactoryImpl.<init>(SessionFactoryImpl.java:318) ~[hibernate-core-5.4.32.Final.jar:5.4.32.Final]
	at org.hibernate.boot.internal.SessionFactoryBuilderImpl.build(SessionFactoryBuilderImpl.java:468) ~[hibernate-core-5.4.32.Final.jar:5.4.32.Final]
	at org.hibernate.jpa.boot.internal.EntityManagerFactoryBuilderImpl.build(EntityManagerFactoryBuilderImpl.java:1259) ~[hibernate-core-5.4.32.Final.jar:5.4.32.Final]
	at org.springframework.orm.jpa.vendor.SpringHibernateJpaPersistenceProvider.createContainerEntityManagerFactory(SpringHibernateJpaPersistenceProvider.java:58) ~[spring-orm-5.3.9.jar:5.3.9]
	at org.springframework.orm.jpa.LocalContainerEntityManagerFactoryBean.createNativeEntityManagerFactory(LocalContainerEntityManagerFactoryBean.java:365) ~[spring-orm-5.3.9.jar:5.3.9]
	at org.springframework.orm.jpa.AbstractEntityManagerFactoryBean.buildNativeEntityManagerFactory(AbstractEntityManagerFactoryBean.java:409) ~[spring-orm-5.3.9.jar:5.3.9]
	... 20 common frames omitted

2022-03-12 09:09:20.933  INFO 17192 --- [main] taskBoard.TaskBoardApplication           : Starting TaskBoardApplication using Java 11.0.9 on DESKTOP-SD5UFGQ with PID 17192 (C:\Users\Alexander Kobzarev\IdeaProjects\task-board\target\classes started by Alexander Kobzarev in C:\Users\Alexander Kobzarev\IdeaProjects\task-board)
2022-03-12 09:09:20.940  INFO 17192 --- [main] taskBoard.TaskBoardApplication           : No active profile set, falling back to default profiles: default
2022-03-12 09:09:22.896  INFO 17192 --- [main] .s.d.r.c.RepositoryConfigurationDelegate : Multiple Spring Data modules found, entering strict repository configuration mode!
2022-03-12 09:09:22.897  INFO 17192 --- [main] .s.d.r.c.RepositoryConfigurationDelegate : Bootstrapping Spring Data JDBC repositories in DEFAULT mode.
2022-03-12 09:09:22.934  INFO 17192 --- [main] .RepositoryConfigurationExtensionSupport : Spring Data JDBC - Could not safely identify store assignment for repository candidate interface taskBoard.repository.BoardRepository. If you want this repository to be a JDBC repository, consider annotating your entities with one of these annotations: org.springframework.data.relational.core.mapping.Table.
2022-03-12 09:09:22.936  INFO 17192 --- [main] .RepositoryConfigurationExtensionSupport : Spring Data JDBC - Could not safely identify store assignment for repository candidate interface taskBoard.repository.EmployeeRepository. If you want this repository to be a JDBC repository, consider annotating your entities with one of these annotations: org.springframework.data.relational.core.mapping.Table.
2022-03-12 09:09:22.939  INFO 17192 --- [main] .RepositoryConfigurationExtensionSupport : Spring Data JDBC - Could not safely identify store assignment for repository candidate interface taskBoard.repository.ProjectRepository. If you want this repository to be a JDBC repository, consider annotating your entities with one of these annotations: org.springframework.data.relational.core.mapping.Table.
2022-03-12 09:09:22.941  INFO 17192 --- [main] .RepositoryConfigurationExtensionSupport : Spring Data JDBC - Could not safely identify store assignment for repository candidate interface taskBoard.repository.TaskRepository. If you want this repository to be a JDBC repository, consider annotating your entities with one of these annotations: org.springframework.data.relational.core.mapping.Table.
2022-03-12 09:09:22.944  INFO 17192 --- [main] .RepositoryConfigurationExtensionSupport : Spring Data JDBC - Could not safely identify store assignment for repository candidate interface taskBoard.repository.VersionReleaseRepository. If you want this repository to be a JDBC repository, consider annotating your entities with one of these annotations: org.springframework.data.relational.core.mapping.Table.
2022-03-12 09:09:22.945  INFO 17192 --- [main] .s.d.r.c.RepositoryConfigurationDelegate : Finished Spring Data repository scanning in 43 ms. Found 0 JDBC repository interfaces.
2022-03-12 09:09:22.953  INFO 17192 --- [main] .s.d.r.c.RepositoryConfigurationDelegate : Multiple Spring Data modules found, entering strict repository configuration mode!
2022-03-12 09:09:22.953  INFO 17192 --- [main] .s.d.r.c.RepositoryConfigurationDelegate : Bootstrapping Spring Data JPA repositories in DEFAULT mode.
2022-03-12 09:09:23.001  INFO 17192 --- [main] .s.d.r.c.RepositoryConfigurationDelegate : Finished Spring Data repository scanning in 41 ms. Found 5 JPA repository interfaces.
2022-03-12 09:09:23.593  INFO 17192 --- [main] o.s.b.w.embedded.tomcat.TomcatWebServer  : Tomcat initialized with port(s): 8080 (http)
2022-03-12 09:09:23.602  INFO 17192 --- [main] o.apache.catalina.core.StandardService   : Starting service [Tomcat]
2022-03-12 09:09:23.602  INFO 17192 --- [main] org.apache.catalina.core.StandardEngine  : Starting Servlet engine: [Apache Tomcat/9.0.50]
2022-03-12 09:09:23.738  INFO 17192 --- [main] o.a.c.c.C.[Tomcat].[localhost].[/]       : Initializing Spring embedded WebApplicationContext
2022-03-12 09:09:23.738  INFO 17192 --- [main] w.s.c.ServletWebServerApplicationContext : Root WebApplicationContext: initialization completed in 2661 ms
2022-03-12 09:09:23.998  INFO 17192 --- [main] o.hibernate.jpa.internal.util.LogHelper  : HHH000204: Processing PersistenceUnitInfo [name: default]
2022-03-12 09:09:24.040  INFO 17192 --- [main] org.hibernate.Version                    : HHH000412: Hibernate ORM core version 5.4.32.Final
2022-03-12 09:09:24.144  INFO 17192 --- [main] o.hibernate.annotations.common.Version   : HCANN000001: Hibernate Commons Annotations {5.1.2.Final}
2022-03-12 09:09:24.236  INFO 17192 --- [main] com.zaxxer.hikari.HikariDataSource       : HikariPool-1 - Starting...
2022-03-12 09:09:24.430  INFO 17192 --- [main] com.zaxxer.hikari.HikariDataSource       : HikariPool-1 - Start completed.
2022-03-12 09:09:24.447  INFO 17192 --- [main] org.hibernate.dialect.Dialect            : HHH000400: Using dialect: org.hibernate.dialect.PostgreSQL10Dialect
2022-03-12 09:09:25.342  INFO 17192 --- [main] o.h.e.t.j.p.i.JtaPlatformInitiator       : HHH000490: Using JtaPlatform implementation: [org.hibernate.engine.transaction.jta.platform.internal.NoJtaPlatform]
2022-03-12 09:09:25.355  INFO 17192 --- [main] j.LocalContainerEntityManagerFactoryBean : Initialized JPA EntityManagerFactory for persistence unit 'default'
2022-03-12 09:09:26.156  WARN 17192 --- [main] JpaBaseConfiguration$JpaWebConfiguration : spring.jpa.open-in-view is enabled by default. Therefore, database queries may be performed during view rendering. Explicitly configure spring.jpa.open-in-view to disable this warning
2022-03-12 09:09:26.478  INFO 17192 --- [main] o.s.b.a.e.web.EndpointLinksResolver      : Exposing 1 endpoint(s) beneath base path '/actuator'
2022-03-12 09:09:26.997  INFO 17192 --- [main] .s.s.UserDetailsServiceAutoConfiguration : 

Using generated security password: 586a6d42-b86c-4dce-8efd-032c2d756c61

2022-03-12 09:09:27.152  INFO 17192 --- [main] o.s.s.web.DefaultSecurityFilterChain     : Will secure any request with [org.springframework.security.web.context.request.async.WebAsyncManagerIntegrationFilter@31406eab, org.springframework.security.web.context.SecurityContextPersistenceFilter@56a6aadb, org.springframework.security.web.header.HeaderWriterFilter@6b6c882c, org.springframework.web.filter.CorsFilter@3bb6b9ab, org.springframework.security.web.csrf.CsrfFilter@314407dd, org.springframework.security.web.authentication.logout.LogoutFilter@2e10f765, org.springframework.security.web.authentication.UsernamePasswordAuthenticationFilter@3b45a3e6, org.springframework.security.web.authentication.ui.DefaultLoginPageGeneratingFilter@100d071, org.springframework.security.web.authentication.ui.DefaultLogoutPageGeneratingFilter@31f90517, org.springframework.security.web.authentication.www.BasicAuthenticationFilter@2c34ce24, org.springframework.security.web.savedrequest.RequestCacheAwareFilter@1071f3ad, org.springframework.security.web.servletapi.SecurityContextHolderAwareRequestFilter@6b3708f0, org.springframework.security.web.authentication.AnonymousAuthenticationFilter@2f6f2d91, org.springframework.security.web.session.SessionManagementFilter@8d5b303, org.springframework.security.web.access.ExceptionTranslationFilter@7c9b0c16, org.springframework.security.web.access.intercept.FilterSecurityInterceptor@1dd4c691]
2022-03-12 09:09:27.377  INFO 17192 --- [main] o.s.b.w.embedded.tomcat.TomcatWebServer  : Tomcat started on port(s): 8080 (http) with context path ''
2022-03-12 09:09:27.819  INFO 17192 --- [main] taskBoard.TaskBoardApplication           : Started TaskBoardApplication in 8.085 seconds (JVM running for 10.193)
2022-03-12 09:09:28.693  INFO 17192 --- [RMI TCP Connection(3)-192.168.1.43] o.a.c.c.C.[Tomcat].[localhost].[/]       : Initializing Spring DispatcherServlet 'dispatcherServlet'
2022-03-12 09:09:28.695  INFO 17192 --- [RMI TCP Connection(3)-192.168.1.43] o.s.web.servlet.DispatcherServlet        : Initializing Servlet 'dispatcherServlet'
2022-03-12 09:09:28.698  INFO 17192 --- [RMI TCP Connection(3)-192.168.1.43] o.s.web.servlet.DispatcherServlet        : Completed initialization in 2 ms
2022-03-12 09:10:23.111  WARN 17192 --- [http-nio-8080-exec-1] o.a.c.util.SessionIdGeneratorBase        : Creation of SecureRandom instance for session ID generation using [SHA1PRNG] took [257] milliseconds.
2022-03-12 09:12:08.457  INFO 17192 --- [SpringApplicationShutdownHook] j.LocalContainerEntityManagerFactoryBean : Closing JPA EntityManagerFactory for persistence unit 'default'
2022-03-12 09:12:08.459  INFO 17192 --- [SpringApplicationShutdownHook] com.zaxxer.hikari.HikariDataSource       : HikariPool-1 - Shutdown initiated...
2022-03-12 09:12:08.471  INFO 17192 --- [SpringApplicationShutdownHook] com.zaxxer.hikari.HikariDataSource       : HikariPool-1 - Shutdown completed.
2022-03-12 09:12:20.716  INFO 10384 --- [main] taskBoard.TaskBoardApplication           : Starting TaskBoardApplication using Java 11.0.9 on DESKTOP-SD5UFGQ with PID 10384 (C:\Users\Alexander Kobzarev\IdeaProjects\task-board\target\classes started by Alexander Kobzarev in C:\Users\Alexander Kobzarev\IdeaProjects\task-board)
2022-03-12 09:12:20.721  INFO 10384 --- [main] taskBoard.TaskBoardApplication           : No active profile set, falling back to default profiles: default
2022-03-12 09:12:22.668  INFO 10384 --- [main] .s.d.r.c.RepositoryConfigurationDelegate : Multiple Spring Data modules found, entering strict repository configuration mode!
2022-03-12 09:12:22.670  INFO 10384 --- [main] .s.d.r.c.RepositoryConfigurationDelegate : Bootstrapping Spring Data JDBC repositories in DEFAULT mode.
2022-03-12 09:12:22.723  INFO 10384 --- [main] .RepositoryConfigurationExtensionSupport : Spring Data JDBC - Could not safely identify store assignment for repository candidate interface taskBoard.repository.BoardRepository. If you want this repository to be a JDBC repository, consider annotating your entities with one of these annotations: org.springframework.data.relational.core.mapping.Table.
2022-03-12 09:12:22.727  INFO 10384 --- [main] .RepositoryConfigurationExtensionSupport : Spring Data JDBC - Could not safely identify store assignment for repository candidate interface taskBoard.repository.EmployeeRepository. If you want this repository to be a JDBC repository, consider annotating your entities with one of these annotations: org.springframework.data.relational.core.mapping.Table.
2022-03-12 09:12:22.731  INFO 10384 --- [main] .RepositoryConfigurationExtensionSupport : Spring Data JDBC - Could not safely identify store assignment for repository candidate interface taskBoard.repository.ProjectRepository. If you want this repository to be a JDBC repository, consider annotating your entities with one of these annotations: org.springframework.data.relational.core.mapping.Table.
2022-03-12 09:12:22.735  INFO 10384 --- [main] .RepositoryConfigurationExtensionSupport : Spring Data JDBC - Could not safely identify store assignment for repository candidate interface taskBoard.repository.TaskRepository. If you want this repository to be a JDBC repository, consider annotating your entities with one of these annotations: org.springframework.data.relational.core.mapping.Table.
2022-03-12 09:12:22.742  INFO 10384 --- [main] .RepositoryConfigurationExtensionSupport : Spring Data JDBC - Could not safely identify store assignment for repository candidate interface taskBoard.repository.VersionReleaseRepository. If you want this repository to be a JDBC repository, consider annotating your entities with one of these annotations: org.springframework.data.relational.core.mapping.Table.
2022-03-12 09:12:22.743  INFO 10384 --- [main] .s.d.r.c.RepositoryConfigurationDelegate : Finished Spring Data repository scanning in 67 ms. Found 0 JDBC repository interfaces.
2022-03-12 09:12:22.755  INFO 10384 --- [main] .s.d.r.c.RepositoryConfigurationDelegate : Multiple Spring Data modules found, entering strict repository configuration mode!
2022-03-12 09:12:22.755  INFO 10384 --- [main] .s.d.r.c.RepositoryConfigurationDelegate : Bootstrapping Spring Data JPA repositories in DEFAULT mode.
2022-03-12 09:12:22.827  INFO 10384 --- [main] .s.d.r.c.RepositoryConfigurationDelegate : Finished Spring Data repository scanning in 64 ms. Found 5 JPA repository interfaces.
2022-03-12 09:12:23.585  INFO 10384 --- [main] o.s.b.w.embedded.tomcat.TomcatWebServer  : Tomcat initialized with port(s): 8080 (http)
2022-03-12 09:12:23.596  INFO 10384 --- [main] o.apache.catalina.core.StandardService   : Starting service [Tomcat]
2022-03-12 09:12:23.596  INFO 10384 --- [main] org.apache.catalina.core.StandardEngine  : Starting Servlet engine: [Apache Tomcat/9.0.50]
2022-03-12 09:12:23.741  INFO 10384 --- [main] o.a.c.c.C.[Tomcat].[localhost].[/]       : Initializing Spring embedded WebApplicationContext
2022-03-12 09:12:23.742  INFO 10384 --- [main] w.s.c.ServletWebServerApplicationContext : Root WebApplicationContext: initialization completed in 2952 ms
2022-03-12 09:12:24.057  INFO 10384 --- [main] o.hibernate.jpa.internal.util.LogHelper  : HHH000204: Processing PersistenceUnitInfo [name: default]
2022-03-12 09:12:24.107  INFO 10384 --- [main] org.hibernate.Version                    : HHH000412: Hibernate ORM core version 5.4.32.Final
2022-03-12 09:12:24.229  INFO 10384 --- [main] o.hibernate.annotations.common.Version   : HCANN000001: Hibernate Commons Annotations {5.1.2.Final}
2022-03-12 09:12:24.329  INFO 10384 --- [main] com.zaxxer.hikari.HikariDataSource       : HikariPool-1 - Starting...
2022-03-12 09:12:24.523  INFO 10384 --- [main] com.zaxxer.hikari.HikariDataSource       : HikariPool-1 - Start completed.
2022-03-12 09:12:24.538  INFO 10384 --- [main] org.hibernate.dialect.Dialect            : HHH000400: Using dialect: org.hibernate.dialect.PostgreSQL10Dialect
2022-03-12 09:12:25.313  INFO 10384 --- [main] o.h.e.t.j.p.i.JtaPlatformInitiator       : HHH000490: Using JtaPlatform implementation: [org.hibernate.engine.transaction.jta.platform.internal.NoJtaPlatform]
2022-03-12 09:12:25.325  INFO 10384 --- [main] j.LocalContainerEntityManagerFactoryBean : Initialized JPA EntityManagerFactory for persistence unit 'default'
2022-03-12 09:12:25.973  WARN 10384 --- [main] JpaBaseConfiguration$JpaWebConfiguration : spring.jpa.open-in-view is enabled by default. Therefore, database queries may be performed during view rendering. Explicitly configure spring.jpa.open-in-view to disable this warning
2022-03-12 09:12:26.269  INFO 10384 --- [main] o.s.b.a.e.web.EndpointLinksResolver      : Exposing 1 endpoint(s) beneath base path '/actuator'
2022-03-12 09:12:26.894  INFO 10384 --- [main] o.s.b.w.embedded.tomcat.TomcatWebServer  : Tomcat started on port(s): 8080 (http) with context path ''
2022-03-12 09:12:27.326  INFO 10384 --- [main] taskBoard.TaskBoardApplication           : Started TaskBoardApplication in 7.416 seconds (JVM running for 9.446)
2022-03-12 09:12:28.173  INFO 10384 --- [RMI TCP Connection(3)-192.168.1.43] o.a.c.c.C.[Tomcat].[localhost].[/]       : Initializing Spring DispatcherServlet 'dispatcherServlet'
2022-03-12 09:12:28.175  INFO 10384 --- [RMI TCP Connection(3)-192.168.1.43] o.s.web.servlet.DispatcherServlet        : Initializing Servlet 'dispatcherServlet'
2022-03-12 09:12:28.179  INFO 10384 --- [RMI TCP Connection(3)-192.168.1.43] o.s.web.servlet.DispatcherServlet        : Completed initialization in 3 ms
2022-03-12 09:12:57.316  INFO 10384 --- [SpringApplicationShutdownHook] j.LocalContainerEntityManagerFactoryBean : Closing JPA EntityManagerFactory for persistence unit 'default'
2022-03-12 09:12:57.319  INFO 10384 --- [SpringApplicationShutdownHook] com.zaxxer.hikari.HikariDataSource       : HikariPool-1 - Shutdown initiated...
2022-03-12 09:12:57.329  INFO 10384 --- [SpringApplicationShutdownHook] com.zaxxer.hikari.HikariDataSource       : HikariPool-1 - Shutdown completed.
2022-03-12 09:13:04.998  INFO 3388 --- [main] taskBoard.TaskBoardApplication           : Starting TaskBoardApplication using Java 11.0.9 on DESKTOP-SD5UFGQ with PID 3388 (C:\Users\Alexander Kobzarev\IdeaProjects\task-board\target\classes started by Alexander Kobzarev in C:\Users\Alexander Kobzarev\IdeaProjects\task-board)
2022-03-12 09:13:05.003  INFO 3388 --- [main] taskBoard.TaskBoardApplication           : No active profile set, falling back to default profiles: default
2022-03-12 09:13:06.558  INFO 3388 --- [main] .s.d.r.c.RepositoryConfigurationDelegate : Multiple Spring Data modules found, entering strict repository configuration mode!
2022-03-12 09:13:06.560  INFO 3388 --- [main] .s.d.r.c.RepositoryConfigurationDelegate : Bootstrapping Spring Data JDBC repositories in DEFAULT mode.
2022-03-12 09:13:06.598  INFO 3388 --- [main] .RepositoryConfigurationExtensionSupport : Spring Data JDBC - Could not safely identify store assignment for repository candidate interface taskBoard.repository.BoardRepository. If you want this repository to be a JDBC repository, consider annotating your entities with one of these annotations: org.springframework.data.relational.core.mapping.Table.
2022-03-12 09:13:06.601  INFO 3388 --- [main] .RepositoryConfigurationExtensionSupport : Spring Data JDBC - Could not safely identify store assignment for repository candidate interface taskBoard.repository.EmployeeRepository. If you want this repository to be a JDBC repository, consider annotating your entities with one of these annotations: org.springframework.data.relational.core.mapping.Table.
2022-03-12 09:13:06.603  INFO 3388 --- [main] .RepositoryConfigurationExtensionSupport : Spring Data JDBC - Could not safely identify store assignment for repository candidate interface taskBoard.repository.ProjectRepository. If you want this repository to be a JDBC repository, consider annotating your entities with one of these annotations: org.springframework.data.relational.core.mapping.Table.
2022-03-12 09:13:06.606  INFO 3388 --- [main] .RepositoryConfigurationExtensionSupport : Spring Data JDBC - Could not safely identify store assignment for repository candidate interface taskBoard.repository.TaskRepository. If you want this repository to be a JDBC repository, consider annotating your entities with one of these annotations: org.springframework.data.relational.core.mapping.Table.
2022-03-12 09:13:06.609  INFO 3388 --- [main] .RepositoryConfigurationExtensionSupport : Spring Data JDBC - Could not safely identify store assignment for repository candidate interface taskBoard.repository.VersionReleaseRepository. If you want this repository to be a JDBC repository, consider annotating your entities with one of these annotations: org.springframework.data.relational.core.mapping.Table.
2022-03-12 09:13:06.610  INFO 3388 --- [main] .s.d.r.c.RepositoryConfigurationDelegate : Finished Spring Data repository scanning in 45 ms. Found 0 JDBC repository interfaces.
2022-03-12 09:13:06.619  INFO 3388 --- [main] .s.d.r.c.RepositoryConfigurationDelegate : Multiple Spring Data modules found, entering strict repository configuration mode!
2022-03-12 09:13:06.620  INFO 3388 --- [main] .s.d.r.c.RepositoryConfigurationDelegate : Bootstrapping Spring Data JPA repositories in DEFAULT mode.
2022-03-12 09:13:06.669  INFO 3388 --- [main] .s.d.r.c.RepositoryConfigurationDelegate : Finished Spring Data repository scanning in 41 ms. Found 5 JPA repository interfaces.
2022-03-12 09:13:07.276  INFO 3388 --- [main] o.s.b.w.embedded.tomcat.TomcatWebServer  : Tomcat initialized with port(s): 8080 (http)
2022-03-12 09:13:07.286  INFO 3388 --- [main] o.apache.catalina.core.StandardService   : Starting service [Tomcat]
2022-03-12 09:13:07.286  INFO 3388 --- [main] org.apache.catalina.core.StandardEngine  : Starting Servlet engine: [Apache Tomcat/9.0.50]
2022-03-12 09:13:07.415  INFO 3388 --- [main] o.a.c.c.C.[Tomcat].[localhost].[/]       : Initializing Spring embedded WebApplicationContext
2022-03-12 09:13:07.415  INFO 3388 --- [main] w.s.c.ServletWebServerApplicationContext : Root WebApplicationContext: initialization completed in 2351 ms
2022-03-12 09:13:07.737  INFO 3388 --- [main] o.hibernate.jpa.internal.util.LogHelper  : HHH000204: Processing PersistenceUnitInfo [name: default]
2022-03-12 09:13:07.799  INFO 3388 --- [main] org.hibernate.Version                    : HHH000412: Hibernate ORM core version 5.4.32.Final
2022-03-12 09:13:07.939  INFO 3388 --- [main] o.hibernate.annotations.common.Version   : HCANN000001: Hibernate Commons Annotations {5.1.2.Final}
2022-03-12 09:13:08.095  INFO 3388 --- [main] com.zaxxer.hikari.HikariDataSource       : HikariPool-1 - Starting...
2022-03-12 09:13:08.363  INFO 3388 --- [main] com.zaxxer.hikari.HikariDataSource       : HikariPool-1 - Start completed.
2022-03-12 09:13:08.384  INFO 3388 --- [main] org.hibernate.dialect.Dialect            : HHH000400: Using dialect: org.hibernate.dialect.PostgreSQL10Dialect
2022-03-12 09:13:08.618  WARN 3388 --- [main] ConfigServletWebServerApplicationContext : Exception encountered during context initialization - cancelling refresh attempt: org.springframework.beans.factory.BeanCreationException: Error creating bean with name 'entityManagerFactory' defined in class path resource [org/springframework/boot/autoconfigure/orm/jpa/HibernateJpaConfiguration.class]: Invocation of init method failed; nested exception is java.lang.NoSuchMethodError: javax.persistence.JoinColumn.foreignKey()Ljavax/persistence/ForeignKey;
2022-03-12 09:13:08.619  INFO 3388 --- [main] com.zaxxer.hikari.HikariDataSource       : HikariPool-1 - Shutdown initiated...
2022-03-12 09:13:08.685  INFO 3388 --- [main] com.zaxxer.hikari.HikariDataSource       : HikariPool-1 - Shutdown completed.
2022-03-12 09:13:08.689  INFO 3388 --- [main] o.apache.catalina.core.StandardService   : Stopping service [Tomcat]
2022-03-12 09:13:08.709  INFO 3388 --- [main] ConditionEvaluationReportLoggingListener : 

Error starting ApplicationContext. To display the conditions report re-run your application with 'debug' enabled.
2022-03-12 09:13:08.729 ERROR 3388 --- [main] o.s.b.d.LoggingFailureAnalysisReporter   : 

***************************
APPLICATION FAILED TO START
***************************

Description:

An attempt was made to call a method that does not exist. The attempt was made from the following location:

    org.hibernate.cfg.AnnotationBinder.bindForeignKeyNameAndDefinition(AnnotationBinder.java:3444)

The following method did not exist:

    javax.persistence.JoinColumn.foreignKey()Ljavax/persistence/ForeignKey;

The method's class, javax.persistence.JoinColumn, is available from the following locations:

    jar:file:/C:/Users/Alexander%20Kobzarev/IdeaProjects/task-board/lib/javax.persistence.jar!/javax/persistence/JoinColumn.class
    jar:file:/C:/Users/Alexander%20Kobzarev/.m2/repository/jakarta/persistence/jakarta.persistence-api/2.2.3/jakarta.persistence-api-2.2.3.jar!/javax/persistence/JoinColumn.class

The class hierarchy was loaded from the following locations:

    javax.persistence.JoinColumn: file:/C:/Users/Alexander%20Kobzarev/IdeaProjects/task-board/lib/javax.persistence.jar


Action:

Correct the classpath of your application so that it contains a single, compatible version of javax.persistence.JoinColumn

2022-03-12 09:13:47.431  INFO 16468 --- [main] taskBoard.TaskBoardApplication           : Starting TaskBoardApplication using Java 11.0.9 on DESKTOP-SD5UFGQ with PID 16468 (C:\Users\Alexander Kobzarev\IdeaProjects\task-board\target\classes started by Alexander Kobzarev in C:\Users\Alexander Kobzarev\IdeaProjects\task-board)
2022-03-12 09:13:47.436  INFO 16468 --- [main] taskBoard.TaskBoardApplication           : No active profile set, falling back to default profiles: default
2022-03-12 09:13:49.306  INFO 16468 --- [main] .s.d.r.c.RepositoryConfigurationDelegate : Multiple Spring Data modules found, entering strict repository configuration mode!
2022-03-12 09:13:49.307  INFO 16468 --- [main] .s.d.r.c.RepositoryConfigurationDelegate : Bootstrapping Spring Data JDBC repositories in DEFAULT mode.
2022-03-12 09:13:49.347  INFO 16468 --- [main] .RepositoryConfigurationExtensionSupport : Spring Data JDBC - Could not safely identify store assignment for repository candidate interface taskBoard.repository.BoardRepository. If you want this repository to be a JDBC repository, consider annotating your entities with one of these annotations: org.springframework.data.relational.core.mapping.Table.
2022-03-12 09:13:49.350  INFO 16468 --- [main] .RepositoryConfigurationExtensionSupport : Spring Data JDBC - Could not safely identify store assignment for repository candidate interface taskBoard.repository.EmployeeRepository. If you want this repository to be a JDBC repository, consider annotating your entities with one of these annotations: org.springframework.data.relational.core.mapping.Table.
2022-03-12 09:13:49.353  INFO 16468 --- [main] .RepositoryConfigurationExtensionSupport : Spring Data JDBC - Could not safely identify store assignment for repository candidate interface taskBoard.repository.ProjectRepository. If you want this repository to be a JDBC repository, consider annotating your entities with one of these annotations: org.springframework.data.relational.core.mapping.Table.
2022-03-12 09:13:49.355  INFO 16468 --- [main] .RepositoryConfigurationExtensionSupport : Spring Data JDBC - Could not safely identify store assignment for repository candidate interface taskBoard.repository.TaskRepository. If you want this repository to be a JDBC repository, consider annotating your entities with one of these annotations: org.springframework.data.relational.core.mapping.Table.
2022-03-12 09:13:49.359  INFO 16468 --- [main] .RepositoryConfigurationExtensionSupport : Spring Data JDBC - Could not safely identify store assignment for repository candidate interface taskBoard.repository.VersionReleaseRepository. If you want this repository to be a JDBC repository, consider annotating your entities with one of these annotations: org.springframework.data.relational.core.mapping.Table.
2022-03-12 09:13:49.360  INFO 16468 --- [main] .s.d.r.c.RepositoryConfigurationDelegate : Finished Spring Data repository scanning in 48 ms. Found 0 JDBC repository interfaces.
2022-03-12 09:13:49.369  INFO 16468 --- [main] .s.d.r.c.RepositoryConfigurationDelegate : Multiple Spring Data modules found, entering strict repository configuration mode!
2022-03-12 09:13:49.370  INFO 16468 --- [main] .s.d.r.c.RepositoryConfigurationDelegate : Bootstrapping Spring Data JPA repositories in DEFAULT mode.
2022-03-12 09:13:49.423  INFO 16468 --- [main] .s.d.r.c.RepositoryConfigurationDelegate : Finished Spring Data repository scanning in 47 ms. Found 5 JPA repository interfaces.
2022-03-12 09:13:50.142  INFO 16468 --- [main] o.s.b.w.embedded.tomcat.TomcatWebServer  : Tomcat initialized with port(s): 8080 (http)
2022-03-12 09:13:50.154  INFO 16468 --- [main] o.apache.catalina.core.StandardService   : Starting service [Tomcat]
2022-03-12 09:13:50.155  INFO 16468 --- [main] org.apache.catalina.core.StandardEngine  : Starting Servlet engine: [Apache Tomcat/9.0.50]
2022-03-12 09:13:50.352  INFO 16468 --- [main] o.a.c.c.C.[Tomcat].[localhost].[/]       : Initializing Spring embedded WebApplicationContext
2022-03-12 09:13:50.352  INFO 16468 --- [main] w.s.c.ServletWebServerApplicationContext : Root WebApplicationContext: initialization completed in 2838 ms
2022-03-12 09:13:50.678  INFO 16468 --- [main] o.hibernate.jpa.internal.util.LogHelper  : HHH000204: Processing PersistenceUnitInfo [name: default]
2022-03-12 09:13:50.731  INFO 16468 --- [main] org.hibernate.Version                    : HHH000412: Hibernate ORM core version 5.4.32.Final
2022-03-12 09:13:50.853  INFO 16468 --- [main] o.hibernate.annotations.common.Version   : HCANN000001: Hibernate Commons Annotations {5.1.2.Final}
2022-03-12 09:13:50.962  INFO 16468 --- [main] com.zaxxer.hikari.HikariDataSource       : HikariPool-1 - Starting...
2022-03-12 09:13:51.182  INFO 16468 --- [main] com.zaxxer.hikari.HikariDataSource       : HikariPool-1 - Start completed.
2022-03-12 09:13:51.199  INFO 16468 --- [main] org.hibernate.dialect.Dialect            : HHH000400: Using dialect: org.hibernate.dialect.PostgreSQL10Dialect
2022-03-12 09:13:52.057  INFO 16468 --- [main] o.h.e.t.j.p.i.JtaPlatformInitiator       : HHH000490: Using JtaPlatform implementation: [org.hibernate.engine.transaction.jta.platform.internal.NoJtaPlatform]
2022-03-12 09:13:52.068  INFO 16468 --- [main] j.LocalContainerEntityManagerFactoryBean : Initialized JPA EntityManagerFactory for persistence unit 'default'
2022-03-12 09:13:52.673  WARN 16468 --- [main] JpaBaseConfiguration$JpaWebConfiguration : spring.jpa.open-in-view is enabled by default. Therefore, database queries may be performed during view rendering. Explicitly configure spring.jpa.open-in-view to disable this warning
2022-03-12 09:13:52.909  INFO 16468 --- [main] o.s.b.a.e.web.EndpointLinksResolver      : Exposing 1 endpoint(s) beneath base path '/actuator'
2022-03-12 09:13:53.413  INFO 16468 --- [main] o.s.b.w.embedded.tomcat.TomcatWebServer  : Tomcat started on port(s): 8080 (http) with context path ''
2022-03-12 09:13:53.806  INFO 16468 --- [main] taskBoard.TaskBoardApplication           : Started TaskBoardApplication in 7.296 seconds (JVM running for 8.991)
2022-03-12 09:13:54.176  INFO 16468 --- [RMI TCP Connection(2)-192.168.1.43] o.a.c.c.C.[Tomcat].[localhost].[/]       : Initializing Spring DispatcherServlet 'dispatcherServlet'
2022-03-12 09:13:54.177  INFO 16468 --- [RMI TCP Connection(2)-192.168.1.43] o.s.web.servlet.DispatcherServlet        : Initializing Servlet 'dispatcherServlet'
2022-03-12 09:13:54.180  INFO 16468 --- [RMI TCP Connection(2)-192.168.1.43] o.s.web.servlet.DispatcherServlet        : Completed initialization in 2 ms
2022-03-12 09:15:55.843  INFO 16468 --- [SpringApplicationShutdownHook] j.LocalContainerEntityManagerFactoryBean : Closing JPA EntityManagerFactory for persistence unit 'default'
2022-03-12 09:15:55.846  INFO 16468 --- [SpringApplicationShutdownHook] com.zaxxer.hikari.HikariDataSource       : HikariPool-1 - Shutdown initiated...
2022-03-12 09:15:55.859  INFO 16468 --- [SpringApplicationShutdownHook] com.zaxxer.hikari.HikariDataSource       : HikariPool-1 - Shutdown completed.
2022-03-12 09:16:00.155  INFO 15808 --- [main] taskBoard.TaskBoardApplication           : Starting TaskBoardApplication using Java 11.0.9 on DESKTOP-SD5UFGQ with PID 15808 (C:\Users\Alexander Kobzarev\IdeaProjects\task-board\target\classes started by Alexander Kobzarev in C:\Users\Alexander Kobzarev\IdeaProjects\task-board)
2022-03-12 09:16:00.161  INFO 15808 --- [main] taskBoard.TaskBoardApplication           : No active profile set, falling back to default profiles: default
2022-03-12 09:16:02.136  INFO 15808 --- [main] .s.d.r.c.RepositoryConfigurationDelegate : Multiple Spring Data modules found, entering strict repository configuration mode!
2022-03-12 09:16:02.138  INFO 15808 --- [main] .s.d.r.c.RepositoryConfigurationDelegate : Bootstrapping Spring Data JDBC repositories in DEFAULT mode.
2022-03-12 09:16:02.178  INFO 15808 --- [main] .RepositoryConfigurationExtensionSupport : Spring Data JDBC - Could not safely identify store assignment for repository candidate interface taskBoard.repository.BoardRepository. If you want this repository to be a JDBC repository, consider annotating your entities with one of these annotations: org.springframework.data.relational.core.mapping.Table.
2022-03-12 09:16:02.180  INFO 15808 --- [main] .RepositoryConfigurationExtensionSupport : Spring Data JDBC - Could not safely identify store assignment for repository candidate interface taskBoard.repository.EmployeeRepository. If you want this repository to be a JDBC repository, consider annotating your entities with one of these annotations: org.springframework.data.relational.core.mapping.Table.
2022-03-12 09:16:02.183  INFO 15808 --- [main] .RepositoryConfigurationExtensionSupport : Spring Data JDBC - Could not safely identify store assignment for repository candidate interface taskBoard.repository.ProjectRepository. If you want this repository to be a JDBC repository, consider annotating your entities with one of these annotations: org.springframework.data.relational.core.mapping.Table.
2022-03-12 09:16:02.186  INFO 15808 --- [main] .RepositoryConfigurationExtensionSupport : Spring Data JDBC - Could not safely identify store assignment for repository candidate interface taskBoard.repository.TaskRepository. If you want this repository to be a JDBC repository, consider annotating your entities with one of these annotations: org.springframework.data.relational.core.mapping.Table.
2022-03-12 09:16:02.191  INFO 15808 --- [main] .RepositoryConfigurationExtensionSupport : Spring Data JDBC - Could not safely identify store assignment for repository candidate interface taskBoard.repository.VersionReleaseRepository. If you want this repository to be a JDBC repository, consider annotating your entities with one of these annotations: org.springframework.data.relational.core.mapping.Table.
2022-03-12 09:16:02.192  INFO 15808 --- [main] .s.d.r.c.RepositoryConfigurationDelegate : Finished Spring Data repository scanning in 49 ms. Found 0 JDBC repository interfaces.
2022-03-12 09:16:02.201  INFO 15808 --- [main] .s.d.r.c.RepositoryConfigurationDelegate : Multiple Spring Data modules found, entering strict repository configuration mode!
2022-03-12 09:16:02.201  INFO 15808 --- [main] .s.d.r.c.RepositoryConfigurationDelegate : Bootstrapping Spring Data JPA repositories in DEFAULT mode.
2022-03-12 09:16:02.251  INFO 15808 --- [main] .s.d.r.c.RepositoryConfigurationDelegate : Finished Spring Data repository scanning in 44 ms. Found 5 JPA repository interfaces.
2022-03-12 09:16:02.818  INFO 15808 --- [main] o.s.b.w.embedded.tomcat.TomcatWebServer  : Tomcat initialized with port(s): 8080 (http)
2022-03-12 09:16:02.827  INFO 15808 --- [main] o.apache.catalina.core.StandardService   : Starting service [Tomcat]
2022-03-12 09:16:02.828  INFO 15808 --- [main] org.apache.catalina.core.StandardEngine  : Starting Servlet engine: [Apache Tomcat/9.0.50]
2022-03-12 09:16:02.954  INFO 15808 --- [main] o.a.c.c.C.[Tomcat].[localhost].[/]       : Initializing Spring embedded WebApplicationContext
2022-03-12 09:16:02.954  INFO 15808 --- [main] w.s.c.ServletWebServerApplicationContext : Root WebApplicationContext: initialization completed in 2698 ms
2022-03-12 09:16:03.226  INFO 15808 --- [main] o.hibernate.jpa.internal.util.LogHelper  : HHH000204: Processing PersistenceUnitInfo [name: default]
2022-03-12 09:16:03.267  INFO 15808 --- [main] org.hibernate.Version                    : HHH000412: Hibernate ORM core version 5.4.32.Final
2022-03-12 09:16:03.368  INFO 15808 --- [main] o.hibernate.annotations.common.Version   : HCANN000001: Hibernate Commons Annotations {5.1.2.Final}
2022-03-12 09:16:03.459  INFO 15808 --- [main] com.zaxxer.hikari.HikariDataSource       : HikariPool-1 - Starting...
2022-03-12 09:16:03.675  INFO 15808 --- [main] com.zaxxer.hikari.HikariDataSource       : HikariPool-1 - Start completed.
2022-03-12 09:16:03.693  INFO 15808 --- [main] org.hibernate.dialect.Dialect            : HHH000400: Using dialect: org.hibernate.dialect.PostgreSQL10Dialect
2022-03-12 09:16:04.581  INFO 15808 --- [main] o.h.e.t.j.p.i.JtaPlatformInitiator       : HHH000490: Using JtaPlatform implementation: [org.hibernate.engine.transaction.jta.platform.internal.NoJtaPlatform]
2022-03-12 09:16:04.595  INFO 15808 --- [main] j.LocalContainerEntityManagerFactoryBean : Initialized JPA EntityManagerFactory for persistence unit 'default'
2022-03-12 09:16:05.352  WARN 15808 --- [main] JpaBaseConfiguration$JpaWebConfiguration : spring.jpa.open-in-view is enabled by default. Therefore, database queries may be performed during view rendering. Explicitly configure spring.jpa.open-in-view to disable this warning
2022-03-12 09:16:05.668  INFO 15808 --- [main] o.s.b.a.e.web.EndpointLinksResolver      : Exposing 1 endpoint(s) beneath base path '/actuator'
2022-03-12 09:16:06.267  INFO 15808 --- [main] o.s.b.w.embedded.tomcat.TomcatWebServer  : Tomcat started on port(s): 8080 (http) with context path ''
2022-03-12 09:16:06.698  INFO 15808 --- [main] taskBoard.TaskBoardApplication           : Started TaskBoardApplication in 7.471 seconds (JVM running for 8.856)
2022-03-12 09:16:07.398  INFO 15808 --- [RMI TCP Connection(1)-192.168.1.43] o.a.c.c.C.[Tomcat].[localhost].[/]       : Initializing Spring DispatcherServlet 'dispatcherServlet'
2022-03-12 09:16:07.399  INFO 15808 --- [RMI TCP Connection(1)-192.168.1.43] o.s.web.servlet.DispatcherServlet        : Initializing Servlet 'dispatcherServlet'
2022-03-12 09:16:07.402  INFO 15808 --- [RMI TCP Connection(1)-192.168.1.43] o.s.web.servlet.DispatcherServlet        : Completed initialization in 2 ms
2022-03-12 09:36:19.440  WARN 15808 --- [HikariPool-1 housekeeper] com.zaxxer.hikari.pool.HikariPool        : HikariPool-1 - Thread starvation or clock leap detected (housekeeper delta=1m45s396ms511s400ns).
2022-03-12 09:52:53.355  INFO 15808 --- [SpringApplicationShutdownHook] j.LocalContainerEntityManagerFactoryBean : Closing JPA EntityManagerFactory for persistence unit 'default'
2022-03-12 09:52:53.358  INFO 15808 --- [SpringApplicationShutdownHook] com.zaxxer.hikari.HikariDataSource       : HikariPool-1 - Shutdown initiated...
2022-03-12 09:52:53.367  INFO 15808 --- [SpringApplicationShutdownHook] com.zaxxer.hikari.HikariDataSource       : HikariPool-1 - Shutdown completed.
2022-03-12 09:53:02.869  INFO 16208 --- [main] taskBoard.TaskBoardApplication           : Starting TaskBoardApplication using Java 11.0.9 on DESKTOP-SD5UFGQ with PID 16208 (C:\Users\Alexander Kobzarev\IdeaProjects\task-board\target\classes started by Alexander Kobzarev in C:\Users\Alexander Kobzarev\IdeaProjects\task-board)
2022-03-12 09:53:02.874  INFO 16208 --- [main] taskBoard.TaskBoardApplication           : No active profile set, falling back to default profiles: default
2022-03-12 09:53:04.543  INFO 16208 --- [main] .s.d.r.c.RepositoryConfigurationDelegate : Multiple Spring Data modules found, entering strict repository configuration mode!
2022-03-12 09:53:04.545  INFO 16208 --- [main] .s.d.r.c.RepositoryConfigurationDelegate : Bootstrapping Spring Data JDBC repositories in DEFAULT mode.
2022-03-12 09:53:04.590  INFO 16208 --- [main] .RepositoryConfigurationExtensionSupport : Spring Data JDBC - Could not safely identify store assignment for repository candidate interface taskBoard.repository.BoardRepository. If you want this repository to be a JDBC repository, consider annotating your entities with one of these annotations: org.springframework.data.relational.core.mapping.Table.
2022-03-12 09:53:04.593  INFO 16208 --- [main] .RepositoryConfigurationExtensionSupport : Spring Data JDBC - Could not safely identify store assignment for repository candidate interface taskBoard.repository.EmployeeRepository. If you want this repository to be a JDBC repository, consider annotating your entities with one of these annotations: org.springframework.data.relational.core.mapping.Table.
2022-03-12 09:53:04.595  INFO 16208 --- [main] .RepositoryConfigurationExtensionSupport : Spring Data JDBC - Could not safely identify store assignment for repository candidate interface taskBoard.repository.ProjectRepository. If you want this repository to be a JDBC repository, consider annotating your entities with one of these annotations: org.springframework.data.relational.core.mapping.Table.
2022-03-12 09:53:04.598  INFO 16208 --- [main] .RepositoryConfigurationExtensionSupport : Spring Data JDBC - Could not safely identify store assignment for repository candidate interface taskBoard.repository.TaskRepository. If you want this repository to be a JDBC repository, consider annotating your entities with one of these annotations: org.springframework.data.relational.core.mapping.Table.
2022-03-12 09:53:04.602  INFO 16208 --- [main] .RepositoryConfigurationExtensionSupport : Spring Data JDBC - Could not safely identify store assignment for repository candidate interface taskBoard.repository.VersionReleaseRepository. If you want this repository to be a JDBC repository, consider annotating your entities with one of these annotations: org.springframework.data.relational.core.mapping.Table.
2022-03-12 09:53:04.604  INFO 16208 --- [main] .s.d.r.c.RepositoryConfigurationDelegate : Finished Spring Data repository scanning in 53 ms. Found 0 JDBC repository interfaces.
2022-03-12 09:53:04.613  INFO 16208 --- [main] .s.d.r.c.RepositoryConfigurationDelegate : Multiple Spring Data modules found, entering strict repository configuration mode!
2022-03-12 09:53:04.614  INFO 16208 --- [main] .s.d.r.c.RepositoryConfigurationDelegate : Bootstrapping Spring Data JPA repositories in DEFAULT mode.
2022-03-12 09:53:04.671  INFO 16208 --- [main] .s.d.r.c.RepositoryConfigurationDelegate : Finished Spring Data repository scanning in 50 ms. Found 5 JPA repository interfaces.
2022-03-12 09:53:05.307  INFO 16208 --- [main] o.s.b.w.embedded.tomcat.TomcatWebServer  : Tomcat initialized with port(s): 8080 (http)
2022-03-12 09:53:05.317  INFO 16208 --- [main] o.apache.catalina.core.StandardService   : Starting service [Tomcat]
2022-03-12 09:53:05.318  INFO 16208 --- [main] org.apache.catalina.core.StandardEngine  : Starting Servlet engine: [Apache Tomcat/9.0.50]
2022-03-12 09:53:05.449  INFO 16208 --- [main] o.a.c.c.C.[Tomcat].[localhost].[/]       : Initializing Spring embedded WebApplicationContext
2022-03-12 09:53:05.450  INFO 16208 --- [main] w.s.c.ServletWebServerApplicationContext : Root WebApplicationContext: initialization completed in 2506 ms
2022-03-12 09:53:05.745  INFO 16208 --- [main] o.hibernate.jpa.internal.util.LogHelper  : HHH000204: Processing PersistenceUnitInfo [name: default]
2022-03-12 09:53:05.793  INFO 16208 --- [main] org.hibernate.Version                    : HHH000412: Hibernate ORM core version 5.4.32.Final
2022-03-12 09:53:05.907  INFO 16208 --- [main] o.hibernate.annotations.common.Version   : HCANN000001: Hibernate Commons Annotations {5.1.2.Final}
2022-03-12 09:53:06.007  INFO 16208 --- [main] com.zaxxer.hikari.HikariDataSource       : HikariPool-1 - Starting...
2022-03-12 09:53:06.215  INFO 16208 --- [main] com.zaxxer.hikari.HikariDataSource       : HikariPool-1 - Start completed.
2022-03-12 09:53:06.231  INFO 16208 --- [main] org.hibernate.dialect.Dialect            : HHH000400: Using dialect: org.hibernate.dialect.PostgreSQL10Dialect
2022-03-12 09:53:07.145  INFO 16208 --- [main] o.h.e.t.j.p.i.JtaPlatformInitiator       : HHH000490: Using JtaPlatform implementation: [org.hibernate.engine.transaction.jta.platform.internal.NoJtaPlatform]
2022-03-12 09:53:07.159  INFO 16208 --- [main] j.LocalContainerEntityManagerFactoryBean : Initialized JPA EntityManagerFactory for persistence unit 'default'
2022-03-12 09:53:07.785  WARN 16208 --- [main] JpaBaseConfiguration$JpaWebConfiguration : spring.jpa.open-in-view is enabled by default. Therefore, database queries may be performed during view rendering. Explicitly configure spring.jpa.open-in-view to disable this warning
2022-03-12 09:53:08.044  INFO 16208 --- [main] o.s.b.a.e.web.EndpointLinksResolver      : Exposing 1 endpoint(s) beneath base path '/actuator'
2022-03-12 09:53:08.546  INFO 16208 --- [main] o.s.b.w.embedded.tomcat.TomcatWebServer  : Tomcat started on port(s): 8080 (http) with context path ''
2022-03-12 09:53:08.942  INFO 16208 --- [main] taskBoard.TaskBoardApplication           : Started TaskBoardApplication in 6.902 seconds (JVM running for 8.81)
2022-03-12 09:53:09.660  INFO 16208 --- [RMI TCP Connection(1)-192.168.1.43] o.a.c.c.C.[Tomcat].[localhost].[/]       : Initializing Spring DispatcherServlet 'dispatcherServlet'
2022-03-12 09:53:09.662  INFO 16208 --- [RMI TCP Connection(1)-192.168.1.43] o.s.web.servlet.DispatcherServlet        : Initializing Servlet 'dispatcherServlet'
2022-03-12 09:53:09.666  INFO 16208 --- [RMI TCP Connection(1)-192.168.1.43] o.s.web.servlet.DispatcherServlet        : Completed initialization in 3 ms
2022-03-12 09:53:43.698  INFO 16208 --- [SpringApplicationShutdownHook] j.LocalContainerEntityManagerFactoryBean : Closing JPA EntityManagerFactory for persistence unit 'default'
2022-03-12 09:53:43.701  INFO 16208 --- [SpringApplicationShutdownHook] com.zaxxer.hikari.HikariDataSource       : HikariPool-1 - Shutdown initiated...
2022-03-12 09:53:43.710  INFO 16208 --- [SpringApplicationShutdownHook] com.zaxxer.hikari.HikariDataSource       : HikariPool-1 - Shutdown completed.
